<?xml version="1.0" encoding="UTF-8"?>
<robot generator="Robot 5.0.1 (Python 3.9.13 on win32)" generated="20230520 00:46:03.867" rpa="false" schemaversion="3">
<suite id="s1" name="CheckoutItems" source="d:\Course\RobotFramework\Source\SampleEcommerceRobotBDD\Tests\CheckoutItems.robot">
<test id="s1-t1" name="User Login To Apps" line="6">
<kw name="Given User Open Website" library="Steps">
<kw name="Go To Apps" library="Common">
<arg>${site_url}</arg>
<arg>${browser}</arg>
<kw name="Open Browser" library="SeleniumLibrary">
<arg>${site_url}</arg>
<arg>${browser}</arg>
<doc>Opens a new browser instance to the optional ``url``.</doc>
<msg timestamp="20230520 00:46:04.547" level="INFO">Opening browser 'Chrome' to base url 'https://www.saucedemo.com/'.</msg>
<msg timestamp="20230520 00:46:04.563" level="INFO">Applicable driver not found; attempting to install with Selenium Manager (Beta)</msg>
<status status="PASS" starttime="20230520 00:46:04.546" endtime="20230520 00:46:06.592"/>
</kw>
<kw name="Maximize Browser Window" library="SeleniumLibrary">
<doc>Maximizes current browser window.</doc>
<status status="PASS" starttime="20230520 00:46:06.593" endtime="20230520 00:46:06.723"/>
</kw>
<kw name="Wait Until Element Is Visible" library="SeleniumLibrary">
<arg>${titleLoginPg}</arg>
<arg>timeout=10</arg>
<doc>Waits until the element ``locator`` is visible.</doc>
<status status="PASS" starttime="20230520 00:46:06.723" endtime="20230520 00:46:06.751"/>
</kw>
<status status="PASS" starttime="20230520 00:46:04.545" endtime="20230520 00:46:06.752"/>
</kw>
<status status="PASS" starttime="20230520 00:46:04.544" endtime="20230520 00:46:06.752"/>
</kw>
<kw name="When User Input Username" library="Steps">
<kw name="Input Field Username" library="LoginPg">
<kw name="Input Text" library="SeleniumLibrary">
<arg>${usernameInputLoginPg}</arg>
<arg>${standardUsername}</arg>
<doc>Types the given ``text`` into the text field identified by ``locator``.</doc>
<msg timestamp="20230520 00:46:06.755" level="INFO">Typing text 'standard_user' into text field 'id:user-name'.</msg>
<status status="PASS" starttime="20230520 00:46:06.755" endtime="20230520 00:46:06.908"/>
</kw>
<status status="PASS" starttime="20230520 00:46:06.754" endtime="20230520 00:46:06.909"/>
</kw>
<status status="PASS" starttime="20230520 00:46:06.753" endtime="20230520 00:46:06.910"/>
</kw>
<kw name="And User Input Password" library="Steps">
<kw name="Input Field Password" library="LoginPg">
<kw name="Input Text" library="SeleniumLibrary">
<arg>${passwordInputLoginPg}</arg>
<arg>${password}</arg>
<doc>Types the given ``text`` into the text field identified by ``locator``.</doc>
<msg timestamp="20230520 00:46:06.913" level="INFO">Typing text 'secret_sauce' into text field 'id:password'.</msg>
<status status="PASS" starttime="20230520 00:46:06.913" endtime="20230520 00:46:07.011"/>
</kw>
<status status="PASS" starttime="20230520 00:46:06.912" endtime="20230520 00:46:07.011"/>
</kw>
<status status="PASS" starttime="20230520 00:46:06.911" endtime="20230520 00:46:07.012"/>
</kw>
<kw name="And User Click Login Button" library="Steps">
<kw name="Click Login Button" library="LoginPg">
<kw name="Click Element" library="SeleniumLibrary">
<arg>${loginButtonLoginPg}</arg>
<doc>Click the element identified by ``locator``.</doc>
<msg timestamp="20230520 00:46:07.017" level="INFO">Clicking element 'id:login-button'.</msg>
<status status="PASS" starttime="20230520 00:46:07.014" endtime="20230520 00:46:07.176"/>
</kw>
<status status="PASS" starttime="20230520 00:46:07.014" endtime="20230520 00:46:07.177"/>
</kw>
<status status="PASS" starttime="20230520 00:46:07.012" endtime="20230520 00:46:07.178"/>
</kw>
<kw name="Then User Should See Home Page" library="Steps">
<kw name="Verify Home Page" library="HomePg">
<kw name="Element Text Should Be" library="SeleniumLibrary">
<arg>${titleHomePg}</arg>
<arg>Swag Labs</arg>
<doc>Verifies that element ``locator`` contains exact the text ``expected``.</doc>
<msg timestamp="20230520 00:46:07.186" level="INFO">Verifying element 'class:app_logo' contains exact text 'Swag Labs'.</msg>
<status status="PASS" starttime="20230520 00:46:07.183" endtime="20230520 00:46:07.235"/>
</kw>
<status status="PASS" starttime="20230520 00:46:07.181" endtime="20230520 00:46:07.236"/>
</kw>
<status status="PASS" starttime="20230520 00:46:07.179" endtime="20230520 00:46:07.236"/>
</kw>
<doc>User Login To Apps</doc>
<status status="PASS" starttime="20230520 00:46:04.542" endtime="20230520 00:46:07.238"/>
</test>
<doc>Checkout Items E2E</doc>
<status status="PASS" starttime="20230520 00:46:03.874" endtime="20230520 00:46:07.242"/>
</suite>
<statistics>
<total>
<stat pass="1" fail="0" skip="0">All Tests</stat>
</total>
<tag>
</tag>
<suite>
<stat pass="1" fail="0" skip="0" id="s1" name="CheckoutItems">CheckoutItems</stat>
</suite>
</statistics>
<errors>
</errors>
</robot>
